<?xml version="1.0" encoding="UTF-8"?>
<!-- Generated by org.testng.reporters.JUnitXMLReporter -->
<testsuite hostname="note_pe0355xa" name="Test" tests="2" failures="1" timestamp="2 Aug 2018 11:08:22 GMT" time="0.462" errors="0">
  <testcase name="methodOne" time="0.016" classname="suporte.ReportHTML"/>
  <testcase name="methodTwo" time="0.004" classname="suporte.ReportHTML">
    <failure type="java.lang.AssertionError" message="expected [true] but found [false]">
      <![CDATA[java.lang.AssertionError: expected [true] but found [false]
	at suporte.ReportHTML.methodTwo(ReportHTML.java:42)
... Removed 28 stack frames]]>
    </failure>
  </testcase> <!-- methodTwo -->
</testsuite> <!-- Test -->
