<?xml version="1.0" encoding="UTF-8"?>
<testsuite name="test.ContatoTest" time="430.243" tests="11" errors="0" skipped="0" failures="0">
  <properties>
[...]
</properties>
  <testcase name="testeEnvioContato2" classname="test.ContatoTest" time="58.54"/>
  <testcase name="testeEnvioContato6" classname="test.ContatoTest" time="50.306"/>
  <testcase name="testeAberturaPage" classname="test.ContatoTest" time="43.223"/>
  <testcase name="testeEnvioContato5" classname="test.ContatoTest" time="42.68"/>
  <testcase name="testeEnvioContato3" classname="test.ContatoTest" time="39.081"/>
  <testcase name="testeEnvioContato4" classname="test.ContatoTest" time="32.098"/>
  <testcase name="testeEnvioContato1" classname="test.ContatoTest" time="26.98"/>
  <testcase name="testeEnvioContato11" classname="test.ContatoTest" time="42.188"/>
  <testcase name="testeEnvioContato22" classname="test.ContatoTest" time="35.074"/>
  <testcase name="testeEnvioVazio" classname="test.ContatoTest" time="31.663"/>
  <testcase name="testeEnvioContato" classname="test.ContatoTest" time="28.41"/>
</testsuite>