<?xml version="1.0" encoding="UTF-8"?>
<testng-results skipped="0" failed="1" total="2" passed="1">
  <reporter-output>
  </reporter-output>
  <suite name="Suite" duration-ms="462" started-at="2018-08-02T11:08:22Z" finished-at="2018-08-02T11:08:22Z">
    <groups>
    </groups>
    <test name="Test" duration-ms="462" started-at="2018-08-02T11:08:22Z" finished-at="2018-08-02T11:08:22Z">
      <class name="suporte.ReportHTML">
        <test-method status="PASS" signature="setup()[pri:0, instance:suporte.ReportHTML@553f17c]" name="setup" is-config="true" duration-ms="170" started-at="2018-08-02T08:08:22Z" finished-at="2018-08-02T08:08:22Z">
          <reporter-output>
          </reporter-output>
        </test-method> <!-- setup -->
        <test-method status="PASS" signature="register(java.lang.reflect.Method)[pri:0, instance:suporte.ReportHTML@553f17c]" name="register" is-config="true" duration-ms="4" started-at="2018-08-02T08:08:22Z" finished-at="2018-08-02T08:08:22Z">
          <params>
            <param index="0">
              <value>
                <![CDATA[public void suporte.ReportHTML.methodOne()]]>
              </value>
            </param>
          </params>
          <reporter-output>
          </reporter-output>
        </test-method> <!-- register -->
        <test-method status="PASS" signature="methodOne()[pri:0, instance:suporte.ReportHTML@553f17c]" name="methodOne" duration-ms="16" started-at="2018-08-02T08:08:22Z" finished-at="2018-08-02T08:08:22Z">
          <reporter-output>
          </reporter-output>
        </test-method> <!-- methodOne -->
        <test-method status="PASS" signature="captureStatus(org.testng.ITestResult)[pri:0, instance:suporte.ReportHTML@553f17c]" name="captureStatus" is-config="true" duration-ms="5" started-at="2018-08-02T08:08:22Z" finished-at="2018-08-02T08:08:22Z">
          <params>
            <param index="0">
              <value>
                <![CDATA[[TestResult name=methodOne status=SUCCESS method=ReportHTML.methodOne()[pri:0, instance:suporte.ReportHTML@553f17c] output={null}]]]>
              </value>
            </param>
          </params>
          <reporter-output>
          </reporter-output>
        </test-method> <!-- captureStatus -->
        <test-method status="PASS" signature="register(java.lang.reflect.Method)[pri:0, instance:suporte.ReportHTML@553f17c]" name="register" is-config="true" duration-ms="3" started-at="2018-08-02T08:08:22Z" finished-at="2018-08-02T08:08:22Z">
          <params>
            <param index="0">
              <value>
                <![CDATA[public void suporte.ReportHTML.methodTwo()]]>
              </value>
            </param>
          </params>
          <reporter-output>
          </reporter-output>
        </test-method> <!-- register -->
        <test-method status="FAIL" signature="methodTwo()[pri:0, instance:suporte.ReportHTML@553f17c]" name="methodTwo" duration-ms="4" started-at="2018-08-02T08:08:22Z" finished-at="2018-08-02T08:08:22Z">
          <exception class="java.lang.AssertionError">
            <message>
              <![CDATA[expected [true] but found [false]]]>
            </message>
            <full-stacktrace>
              <![CDATA[java.lang.AssertionError: expected [true] but found [false]
	at org.testng.Assert.fail(Assert.java:94)
	at org.testng.Assert.failNotEquals(Assert.java:513)
	at org.testng.Assert.assertTrue(Assert.java:42)
	at org.testng.Assert.assertTrue(Assert.java:52)
	at suporte.ReportHTML.methodTwo(ReportHTML.java:42)
	at sun.reflect.NativeMethodAccessorImpl.invoke0(Native Method)
	at sun.reflect.NativeMethodAccessorImpl.invoke(NativeMethodAccessorImpl.java:62)
	at sun.reflect.DelegatingMethodAccessorImpl.invoke(DelegatingMethodAccessorImpl.java:43)
	at java.lang.reflect.Method.invoke(Method.java:498)
	at org.testng.internal.MethodInvocationHelper.invokeMethod(MethodInvocationHelper.java:86)
	at org.testng.internal.Invoker.invokeMethod(Invoker.java:643)
	at org.testng.internal.Invoker.invokeTestMethod(Invoker.java:820)
	at org.testng.internal.Invoker.invokeTestMethods(Invoker.java:1128)
	at org.testng.internal.TestMethodWorker.invokeTestMethods(TestMethodWorker.java:129)
	at org.testng.internal.TestMethodWorker.run(TestMethodWorker.java:112)
	at org.testng.TestRunner.privateRun(TestRunner.java:782)
	at org.testng.TestRunner.run(TestRunner.java:632)
	at org.testng.SuiteRunner.runTest(SuiteRunner.java:366)
	at org.testng.SuiteRunner.runSequentially(SuiteRunner.java:361)
	at org.testng.SuiteRunner.privateRun(SuiteRunner.java:319)
	at org.testng.SuiteRunner.run(SuiteRunner.java:268)
	at org.testng.SuiteRunnerWorker.runSuite(SuiteRunnerWorker.java:52)
	at org.testng.SuiteRunnerWorker.run(SuiteRunnerWorker.java:86)
	at org.testng.TestNG.runSuitesSequentially(TestNG.java:1244)
	at org.testng.TestNG.runSuitesLocally(TestNG.java:1169)
	at org.testng.TestNG.run(TestNG.java:1064)
	at org.testng.remote.AbstractRemoteTestNG.run(AbstractRemoteTestNG.java:114)
	at org.testng.remote.RemoteTestNG.initAndRun(RemoteTestNG.java:251)
	at org.testng.remote.RemoteTestNG.main(RemoteTestNG.java:77)
]]>
            </full-stacktrace>
          </exception> <!-- java.lang.AssertionError -->
          <reporter-output>
          </reporter-output>
        </test-method> <!-- methodTwo -->
        <test-method status="PASS" signature="captureStatus(org.testng.ITestResult)[pri:0, instance:suporte.ReportHTML@553f17c]" name="captureStatus" is-config="true" duration-ms="0" started-at="2018-08-02T08:08:22Z" finished-at="2018-08-02T08:08:22Z">
          <params>
            <param index="0">
              <value>
                <![CDATA[[TestResult name=methodTwo status=FAILURE method=ReportHTML.methodTwo()[pri:0, instance:suporte.ReportHTML@553f17c] output={null}]]]>
              </value>
            </param>
          </params>
          <reporter-output>
          </reporter-output>
        </test-method> <!-- captureStatus -->
        <test-method status="PASS" signature="cleanUp()[pri:0, instance:suporte.ReportHTML@553f17c]" name="cleanUp" is-config="true" duration-ms="242" started-at="2018-08-02T08:08:22Z" finished-at="2018-08-02T08:08:22Z">
          <reporter-output>
          </reporter-output>
        </test-method> <!-- cleanUp -->
      </class> <!-- suporte.ReportHTML -->
    </test> <!-- Test -->
  </suite> <!-- Suite -->
</testng-results>
